<?xml version="1.0" encoding="UTF-8"?>
<testsuite xmlns:xsi="http://www.w3.org/2001/XMLSchema-instance" xsi:noNamespaceSchemaLocation="https://maven.apache.org/surefire/maven-surefire-plugin/xsd/surefire-test-report-3.0.xsd" version="3.0" name="com.minisearchengine.core.string.SuffixArrayBuilderTest" time="0.046" tests="28" errors="0" skipped="0" failures="0">
  <properties>
[...]
</properties>
  <testcase name="testSearchPatternEqualsText" classname="com.minisearchengine.core.string.SuffixArrayBuilderTest" time="0.003"/>
  <testcase name="testAllSameChars" classname="com.minisearchengine.core.string.SuffixArrayBuilderTest" time="0.008"/>
  <testcase name="testTwoCharsOnly" classname="com.minisearchengine.core.string.SuffixArrayBuilderTest" time="0.0"/>
  <testcase name="testSearchBasic" classname="com.minisearchengine.core.string.SuffixArrayBuilderTest" time="0.0"/>
  <testcase name="testLCPFirstElementIsAlwaysZero" classname="com.minisearchengine.core.string.SuffixArrayBuilderTest" time="0.003"/>
  <testcase name="testSAContainsAllIndices" classname="com.minisearchengine.core.string.SuffixArrayBuilderTest" time="0.001"/>
  <testcase name="testRepeatedPattern" classname="com.minisearchengine.core.string.SuffixArrayBuilderTest" time="0.001"/>
  <testcase name="testLCPBanana" classname="com.minisearchengine.core.string.SuffixArrayBuilderTest" time="0.001"/>
  <testcase name="testSearchAllSameChars" classname="com.minisearchengine.core.string.SuffixArrayBuilderTest" time="0.001"/>
  <testcase name="testLCPHasCorrectLength" classname="com.minisearchengine.core.string.SuffixArrayBuilderTest" time="0.001"/>
  <testcase name="testReverseSortedChars" classname="com.minisearchengine.core.string.SuffixArrayBuilderTest" time="0.001"/>
  <testcase name="testSearchResultsMatchNaive" classname="com.minisearchengine.core.string.SuffixArrayBuilderTest" time="0.001"/>
  <testcase name="testSingleChar" classname="com.minisearchengine.core.string.SuffixArrayBuilderTest" time="0.0"/>
  <testcase name="testEmptyString" classname="com.minisearchengine.core.string.SuffixArrayBuilderTest" time="0.002"/>
  <testcase name="testMississippi" classname="com.minisearchengine.core.string.SuffixArrayBuilderTest" time="0.001"/>
  <testcase name="testAlreadySortedSuffixes" classname="com.minisearchengine.core.string.SuffixArrayBuilderTest" time="0.001"/>
  <testcase name="testSearchNoMatch" classname="com.minisearchengine.core.string.SuffixArrayBuilderTest" time="0.001"/>
  <testcase name="testLCPSingleChar" classname="com.minisearchengine.core.string.SuffixArrayBuilderTest" time="0.001"/>
  <testcase name="testBanana" classname="com.minisearchengine.core.string.SuffixArrayBuilderTest" time="0.001"/>
  <testcase name="testSearchEmptyPattern" classname="com.minisearchengine.core.string.SuffixArrayBuilderTest" time="0.001"/>
  <testcase name="testAbracadabra" classname="com.minisearchengine.core.string.SuffixArrayBuilderTest" time="0.001"/>
  <testcase name="testLCPAllDistinct" classname="com.minisearchengine.core.string.SuffixArrayBuilderTest" time="0.001"/>
  <testcase name="testLCPAllSame" classname="com.minisearchengine.core.string.SuffixArrayBuilderTest" time="0.0"/>
  <testcase name="testSAHasCorrectLength" classname="com.minisearchengine.core.string.SuffixArrayBuilderTest" time="0.0"/>
  <testcase name="testLCPMatchesBruteForce" classname="com.minisearchengine.core.string.SuffixArrayBuilderTest" time="0.001"/>
  <testcase name="testLCPEmpty" classname="com.minisearchengine.core.string.SuffixArrayBuilderTest" time="0.001"/>
  <testcase name="testTwoDistinctChars" classname="com.minisearchengine.core.string.SuffixArrayBuilderTest" time="0.001"/>
  <testcase name="testSearchSingleChar" classname="com.minisearchengine.core.string.SuffixArrayBuilderTest" time="0.0"/>
</testsuite>